0 info it worked if it ends with ok
1 verbose cli [ 'C:\\Program Files\\nodejs\\node.exe',
1 verbose cli   'c:\\node\\node_modules\\npm\\bin\\npm-cli.js',
1 verbose cli   'run',
1 verbose cli   'dev' ]
2 info using npm@6.1.0
3 info using node@v9.2.0
4 verbose run-script [ 'predev', 'dev', 'postdev' ]
5 info lifecycle use-plugin@1.0.0~predev: use-plugin@1.0.0
6 info lifecycle use-plugin@1.0.0~dev: use-plugin@1.0.0
7 verbose lifecycle use-plugin@1.0.0~dev: unsafe-perm in lifecycle true
8 verbose lifecycle use-plugin@1.0.0~dev: PATH: c:\node\node_modules\npm\node_modules\npm-lifecycle\node-gyp-bin;C:\Users\admin\Desktop\wedding\wedding-dress\node_modules\.bin;C:\Program Files\Java\jdk-9.0.1\bin;C:\Windows;C:\Program Files\nodejs\;c:\windows\system32;C:\WINDOWS\system32;C:\WINDOWS;C:\WINDOWS\System32\Wbem;C:\WINDOWS\System32\WindowsPowerShell\v1.0\;C:\node;C:\Program Files\TortoiseSVN\bin;C:\Ruby25-x64\bin;C:\Program Files\Git\cmd;C:\Program Files (x86)\Yarn\bin\;C:\Ruby25-x64\bin;C:\Program Files\Java\jdk-9.0.1\bin;C:\Windows;C:\Users\admin\AppData\Local\Microsoft\WindowsApps;C:\node;;C:\Program Files\Microsoft VS Code\bin;C:\Users\admin\AppData\Local\Yarn\bin
9 verbose lifecycle use-plugin@1.0.0~dev: CWD: C:\Users\admin\Desktop\wedding\wedding-dress
10 silly lifecycle use-plugin@1.0.0~dev: Args: [ '/d /s /c',
10 silly lifecycle   'webpack-dev-server --inline --progress --config build/webpack.dev.conf.js' ]
11 verbose stack Error: kill ENOSYS
11 verbose stack     at Object._errnoException (util.js:1031:13)
11 verbose stack     at process.kill (internal/process.js:173:18)
11 verbose stack     at process.listener (c:\node\node_modules\npm\node_modules\write-file-atomic\node_modules\signal-exit\index.js:95:15)
11 verbose stack     at process.emit (events.js:159:13)
11 verbose stack     at Signal.wrap.onsignal (internal/process.js:198:44)
12 verbose cwd C:\Users\admin\Desktop\wedding\wedding-dress
13 verbose Windows_NT 10.0.16299
14 verbose argv "C:\\Program Files\\nodejs\\node.exe" "c:\\node\\node_modules\\npm\\bin\\npm-cli.js" "run" "dev"
15 verbose node v9.2.0
16 verbose npm  v6.1.0
17 error code ENOSYS
18 error errno ENOSYS
19 error syscall kill
20 error kill ENOSYS
21 verbose exit [ 1, true ]
